<?xml version="1.0" encoding="UTF-8"?>
<testng-results ignored="0" total="1" passed="1" failed="0" skipped="0">
  <reporter-output>
  </reporter-output>
  <suite started-at="2021-11-26T19:12:26 EET" name="Default suite" finished-at="2021-11-26T19:12:30 EET" duration-ms="3356">
    <groups>
    </groups>
    <test started-at="2021-11-26T19:12:26 EET" name="Default test" finished-at="2021-11-26T19:12:30 EET" duration-ms="3356">
      <class name="tests.APITests">
        <test-method signature="AssertTest()[pri:0, instance:tests.APITests@659a969b]" started-at="2021-11-26T19:12:27 EET" name="AssertTest" finished-at="2021-11-26T19:12:30 EET" duration-ms="3265" status="PASS">
          <reporter-output>
          </reporter-output>
        </test-method> <!-- AssertTest -->
      </class> <!-- tests.APITests -->
    </test> <!-- Default test -->
  </suite> <!-- Default suite -->
</testng-results>
